<?xml version="1.0" encoding="UTF-8"?>
<!-- Generated by org.testng.reporters.JUnitReportReporter -->
<testsuite hostname="LAPTOP-BNSC4CSI" failures="0" tests="1" name="TestCase.Tc1" time="1.169" errors="0" timestamp="2022-08-25T23:10:02 IST" skipped="0">
  <testcase classname="TestCase.Tc1" name="TestCase" time="1.169"/>
  <system-out>
    <![CDATA[username]]>
  </system-out>
</testsuite> <!-- TestCase.Tc1 -->
