<?xml version="1.0" encoding="UTF-8"?>
<!-- Generated by org.testng.reporters.JUnitReportReporter -->
<testsuite hostname="LAPTOP-BNSC4CSI" failures="0" tests="1" name="TestCase.Login_AngelOne_TestCase" time="3.392" errors="0" timestamp="2022-09-24T13:32:38 IST" skipped="0">
  <testcase classname="TestCase.Login_AngelOne_TestCase" name="TestCase" time="3.392"/>
  <system-out>
    <![CDATA[username]]>
  </system-out>
</testsuite> <!-- TestCase.Login_AngelOne_TestCase -->
